Using pre-set license
Built from '2021.2/staging' branch; Version is '2021.2.7f1 (6bd9e232123f) revision 7068130'; Using compiler version '192829333'; Build Type 'Release'
OS: 'Windows 10  (10.0.19044) 64bit Professional' Language: 'pt' Physical Memory: 16221 MB
BatchMode: 1, IsHumanControllingUs: 0, StartBugReporterOnCrash: 0, Is64bit: 1, IsPro: 0

COMMAND LINE ARGUMENTS:
D:\Programas\Unity\2021.2.7f1\Editor\Unity.exe
-adb2
-batchMode
-noUpm
-name
AssetImportWorker6
-projectPath
D:/Marcelo/Unity Projetos/Shadow of a Trick
-logFile
Logs/AssetImportWorker6.log
-srvPort
62141
Successfully changed project path to: D:/Marcelo/Unity Projetos/Shadow of a Trick
D:/Marcelo/Unity Projetos/Shadow of a Trick
[UnityMemory] Configuration Parameters - Can be set up in boot.config
    "memorysetup-bucket-allocator-granularity=16"
    "memorysetup-bucket-allocator-bucket-count=8"
    "memorysetup-bucket-allocator-block-size=33554432"
    "memorysetup-bucket-allocator-block-count=8"
    "memorysetup-main-allocator-block-size=16777216"
    "memorysetup-thread-allocator-block-size=16777216"
    "memorysetup-gfx-main-allocator-block-size=16777216"
    "memorysetup-gfx-thread-allocator-block-size=16777216"
    "memorysetup-cache-allocator-block-size=4194304"
    "memorysetup-typetree-allocator-block-size=2097152"
    "memorysetup-profiler-bucket-allocator-granularity=16"
    "memorysetup-profiler-bucket-allocator-bucket-count=8"
    "memorysetup-profiler-bucket-allocator-block-size=33554432"
    "memorysetup-profiler-bucket-allocator-block-count=8"
    "memorysetup-profiler-allocator-block-size=16777216"
    "memorysetup-profiler-editor-allocator-block-size=1048576"
    "memorysetup-temp-allocator-size-main=16777216"
    "memorysetup-job-temp-allocator-block-size=2097152"
    "memorysetup-job-temp-allocator-block-size-background=1048576"
    "memorysetup-job-temp-allocator-reduction-small-platforms=262144"
    "memorysetup-temp-allocator-size-background-worker=32768"
    "memorysetup-temp-allocator-size-job-worker=262144"
    "memorysetup-temp-allocator-size-preload-manager=33554432"
    "memorysetup-temp-allocator-size-nav-mesh-worker=65536"
    "memorysetup-temp-allocator-size-audio-worker=65536"
    "memorysetup-temp-allocator-size-cloud-worker=32768"
    "memorysetup-temp-allocator-size-gi-baking-worker=262144"
    "memorysetup-temp-allocator-size-gfx=262144"
Refreshing native plugins compatible for Editor in 101.47 ms, found 4 plugins.
Preloading 0 native plugins for Editor in 0.00 ms.
Initialize engine version: 2021.2.7f1 (6bd9e232123f)
[Subsystems] Discovering subsystems at path D:/Programas/Unity/2021.2.7f1/Editor/Data/Resources/UnitySubsystems
[Subsystems] Discovering subsystems at path D:/Marcelo/Unity Projetos/Shadow of a Trick/Assets
GfxDevice: creating device client; threaded=0; jobified=0
Direct3D:
    Version:  Direct3D 11.0 [level 11.1]
    Renderer: Intel(R) UHD Graphics 630 (ID=0x9bc5)
    Vendor:   Intel
    VRAM:     8110 MB
    Driver:   30.0.101.1340
Initialize mono
Mono path[0] = 'D:/Programas/Unity/2021.2.7f1/Editor/Data/Managed'
Mono path[1] = 'D:/Programas/Unity/2021.2.7f1/Editor/Data/MonoBleedingEdge/lib/mono/unityjit-win32'
Mono config path = 'D:/Programas/Unity/2021.2.7f1/Editor/Data/MonoBleedingEdge/etc'
Using monoOptions --debugger-agent=transport=dt_socket,embedding=1,server=y,suspend=n,address=127.0.0.1:56872
Begin MonoManager ReloadAssembly
Registering precompiled unity dll's ...
Register platform support module: D:/Programas/Unity/2021.2.7f1/Editor/Data/PlaybackEngines/WebGLSupport/UnityEditor.WebGL.Extensions.dll
Register platform support module: D:/Programas/Unity/2021.2.7f1/Editor/Data/PlaybackEngines/WindowsStandaloneSupport/UnityEditor.WindowsStandalone.Extensions.dll
Registered in 0.003469 seconds.
Native extension for WindowsStandalone target not found
Native extension for WebGL target not found
Refreshing native plugins compatible for Editor in 103.87 ms, found 4 plugins.
Preloading 0 native plugins for Editor in 0.00 ms.
Mono: successfully reloaded assembly
- Completed reload, in  0.529 seconds
Domain Reload Profiling:
	ReloadAssembly (530ms)
		BeginReloadAssembly (57ms)
			ExecutionOrderSort (0ms)
			DisableScriptedObjects (0ms)
			BackupInstance (0ms)
			ReleaseScriptingObjects (0ms)
			CreateAndSetChildDomain (1ms)
		EndReloadAssembly (408ms)
			LoadAssemblies (56ms)
			RebuildTransferFunctionScriptingTraits (0ms)
			SetupTypeCache (88ms)
			ReleaseScriptCaches (0ms)
			RebuildScriptCaches (25ms)
			SetupLoadedEditorAssemblies (254ms)
				LogAssemblyErrors (0ms)
				InitializePlatformSupportModulesInManaged (12ms)
				SetLoadedEditorAssemblies (0ms)
				RefreshPlugins (104ms)
				BeforeProcessingInitializeOnLoad (1ms)
				ProcessInitializeOnLoadAttributes (101ms)
				ProcessInitializeOnLoadMethodAttributes (35ms)
				AfterProcessingInitializeOnLoad (0ms)
				EditorAssembliesLoaded (0ms)
			ExecutionOrderSort2 (0ms)
			AwakeInstancesAfterBackupRestoration (0ms)
Platform modules already initialized, skipping
Registering precompiled user dll's ...
Registered in 0.004384 seconds.
Begin MonoManager ReloadAssembly
Symbol file LoadedFromMemory doesn't match image D:\Marcelo\Unity Projetos\Shadow of a Trick\Library\PackageCache\com.unity.visualscripting@1.7.6\Editor\VisualScripting.Core\Dependencies\YamlDotNet\Unity.VisualScripting.YamlDotNet.dll
Symbol file LoadedFromMemory doesn't match image D:\Marcelo\Unity Projetos\Shadow of a Trick\Library\PackageCache\com.unity.visualscripting@1.7.6\Editor\VisualScripting.Core\Dependencies\DotNetZip\Unity.VisualScripting.IonicZip.dll
Native extension for WindowsStandalone target not found
Native extension for WebGL target not found
Refreshing native plugins compatible for Editor in 105.22 ms, found 4 plugins.
Preloading 0 native plugins for Editor in 0.00 ms.
Mono: successfully reloaded assembly
- Completed reload, in  1.554 seconds
Domain Reload Profiling:
	ReloadAssembly (1555ms)
		BeginReloadAssembly (87ms)
			ExecutionOrderSort (0ms)
			DisableScriptedObjects (5ms)
			BackupInstance (0ms)
			ReleaseScriptingObjects (0ms)
			CreateAndSetChildDomain (16ms)
		EndReloadAssembly (1392ms)
			LoadAssemblies (66ms)
			RebuildTransferFunctionScriptingTraits (0ms)
			SetupTypeCache (225ms)
			ReleaseScriptCaches (1ms)
			RebuildScriptCaches (59ms)
			SetupLoadedEditorAssemblies (1004ms)
				LogAssemblyErrors (0ms)
				InitializePlatformSupportModulesInManaged (9ms)
				SetLoadedEditorAssemblies (0ms)
				RefreshPlugins (105ms)
				BeforeProcessingInitializeOnLoad (108ms)
				ProcessInitializeOnLoadAttributes (707ms)
				ProcessInitializeOnLoadMethodAttributes (71ms)
				AfterProcessingInitializeOnLoad (4ms)
				EditorAssembliesLoaded (0ms)
			ExecutionOrderSort2 (0ms)
			AwakeInstancesAfterBackupRestoration (4ms)
Platform modules already initialized, skipping
========================================================================
Worker process is ready to serve import requests
Launched and connected shader compiler UnityShaderCompiler.exe after 0.08 seconds
Refreshing native plugins compatible for Editor in 1.42 ms, found 4 plugins.
Preloading 0 native plugins for Editor in 0.00 ms.
Unloading 5919 Unused Serialized files (Serialized files now loaded: 0)
Unloading 56 unused Assets / (0.8 MB). Loaded Objects now: 6372.
Memory consumption went from 231.4 MB to 230.6 MB.
Total: 4.540900 ms (FindLiveObjects: 0.499500 ms CreateObjectMapping: 0.494100 ms MarkObjects: 3.280800 ms  DeleteObjects: 0.265700 ms)

AssetImportParameters requested are different than current active one (requested -> active):
  custom:video-decoder-ogg-theora: a1e56fd34408186e4bbccfd4996cb3dc -> 
  custom:container-muxer-webm: aa71ff27fc2769a1b78a27578f13a17b -> 
  custom:container-demuxer-webm: 4f35f7cbe854078d1ac9338744f61a02 -> 
  custom:video-encoder-webm-vp8: eb34c28f22e8b96e1ab97ce403110664 -> 
  custom:audio-encoder-webm-vorbis: bf7c407c2cedff20999df2af8eb42d56 -> 
  custom:framework-win-MediaFoundation: 216162199b28c13a410421893ffa2e32 -> 
  custom:container-demuxer-ogg: 62fdf1f143b41e24485cea50d1cbac27 -> 
  custom:video-decoder-webm-vp8: 9c59270c3fd7afecdb556c50c9e8de78 -> 
  custom:audio-decoder-ogg-vorbis: bf7c407c2cedff20999df2af8eb42d56 -> 
========================================================================
Received Import Request.
  Time since last request: 715163.648182 seconds.
  path: Assets/Animations/Alien_3/alien03_0 1.controller
  artifactKey: Guid(9abb2f89263ab0d428d1d679e98c76ba) Importer(815301076,1909f56bfc062723c751e8b465ee728b)
Start importing Assets/Animations/Alien_3/alien03_0 1.controller using Guid(9abb2f89263ab0d428d1d679e98c76ba) Importer(815301076,1909f56bfc062723c751e8b465ee728b)  -> (artifact id: '56ce8b74a64bcef853b0765d67c54ebc') in 0.029758 seconds 
========================================================================
Received Import Request.
  Time since last request: 1.785179 seconds.
  path: Assets/Animations/Alien_3/alien03_12 1.controller
  artifactKey: Guid(6f7f0009a2fd62748a4a05d58656ca3b) Importer(815301076,1909f56bfc062723c751e8b465ee728b)
Start importing Assets/Animations/Alien_3/alien03_12 1.controller using Guid(6f7f0009a2fd62748a4a05d58656ca3b) Importer(815301076,1909f56bfc062723c751e8b465ee728b)  -> (artifact id: 'c5fc8a3828e6a0680683cf87c291113e') in 0.005999 seconds 
========================================================================
Received Import Request.
  Time since last request: 3.528396 seconds.
  path: Assets/Animations/Alien_3/Background.controller
  artifactKey: Guid(b55aa0de33dbdab4587447f512222afc) Importer(815301076,1909f56bfc062723c751e8b465ee728b)
Start importing Assets/Animations/Alien_3/Background.controller using Guid(b55aa0de33dbdab4587447f512222afc) Importer(815301076,1909f56bfc062723c751e8b465ee728b)  -> (artifact id: '81fb019b1ece2ca4442b10bb6337d6d8') in 0.005857 seconds 
========================================================================
Received Import Request.
  Time since last request: 5.834612 seconds.
  path: Assets/Animations/Alien_3/Alien 3.controller
  artifactKey: Guid(dc06fcd3d908efe48a0bf64d8c4466b6) Importer(815301076,1909f56bfc062723c751e8b465ee728b)
Start importing Assets/Animations/Alien_3/Alien 3.controller using Guid(dc06fcd3d908efe48a0bf64d8c4466b6) Importer(815301076,1909f56bfc062723c751e8b465ee728b)  -> (artifact id: '0d7dcb7753bb7bb4cfbdeb4659423349') in 0.003878 seconds 
========================================================================
Received Import Request.
  Time since last request: 53.246935 seconds.
  path: Assets/Animations/Alien_3 1
  artifactKey: Guid(06943e79d25701f478531c626edd11bb) Importer(815301076,1909f56bfc062723c751e8b465ee728b)
Start importing Assets/Animations/Alien_3 1 using Guid(06943e79d25701f478531c626edd11bb) Importer(815301076,1909f56bfc062723c751e8b465ee728b)  -> (artifact id: '7115ed76fd7ff4d0776cbf5c0e14bd69') in 0.007183 seconds 
========================================================================
Received Import Request.
  Time since last request: 4.570407 seconds.
  path: Assets/Animations/Alien_4
  artifactKey: Guid(06943e79d25701f478531c626edd11bb) Importer(815301076,1909f56bfc062723c751e8b465ee728b)
Start importing Assets/Animations/Alien_4 using Guid(06943e79d25701f478531c626edd11bb) Importer(815301076,1909f56bfc062723c751e8b465ee728b)  -> (artifact id: '0ac6a208552c2fcd215e5ddcc2ea51f6') in 0.004964 seconds 
========================================================================
Received Import Request.
  Time since last request: 3.402441 seconds.
  path: Assets/Animations/Alien_4/Alien 3.controller
  artifactKey: Guid(8f41b394847ad9e47ae14431413eee13) Importer(815301076,1909f56bfc062723c751e8b465ee728b)
Start importing Assets/Animations/Alien_4/Alien 3.controller using Guid(8f41b394847ad9e47ae14431413eee13) Importer(815301076,1909f56bfc062723c751e8b465ee728b)  -> (artifact id: '6f7d18370f91a6641e5d31b22bd1d58c') in 0.003701 seconds 
========================================================================
Received Import Request.
  Time since last request: 3.107844 seconds.
  path: Assets/Animations/Alien_4/Alien 4.controller
  artifactKey: Guid(8f41b394847ad9e47ae14431413eee13) Importer(815301076,1909f56bfc062723c751e8b465ee728b)
Start importing Assets/Animations/Alien_4/Alien 4.controller using Guid(8f41b394847ad9e47ae14431413eee13) Importer(815301076,1909f56bfc062723c751e8b465ee728b)  -> (artifact id: 'fc2e50e3de204b5a286c3458ce34c643') in 0.003677 seconds 
========================================================================
Received Import Request.
  Time since last request: 0.447768 seconds.
  path: Assets/Animations/Alien_4/Alien03_Idle_Down.anim
  artifactKey: Guid(7e10433ea92180a478a25dcc2d4bbf32) Importer(815301076,1909f56bfc062723c751e8b465ee728b)
Start importing Assets/Animations/Alien_4/Alien03_Idle_Down.anim using Guid(7e10433ea92180a478a25dcc2d4bbf32) Importer(815301076,1909f56bfc062723c751e8b465ee728b)  -> (artifact id: '0fc79193757e8b9201d515660657ed10') in 0.005154 seconds 
========================================================================
Received Import Request.
  Time since last request: 3.624579 seconds.
  path: Assets/Animations/Alien_4/Alien04_Idle_Down.anim
  artifactKey: Guid(7e10433ea92180a478a25dcc2d4bbf32) Importer(815301076,1909f56bfc062723c751e8b465ee728b)
Start importing Assets/Animations/Alien_4/Alien04_Idle_Down.anim using Guid(7e10433ea92180a478a25dcc2d4bbf32) Importer(815301076,1909f56bfc062723c751e8b465ee728b)  -> (artifact id: 'dbb53e9b4083c553b62a74aa56a0706a') in 0.005150 seconds 
========================================================================
Received Import Request.
  Time since last request: 1.683067 seconds.
  path: Assets/Animations/Alien_4/Alien03_Idle_Left.anim
  artifactKey: Guid(00d4d0f56fc871b4498486116e110b13) Importer(815301076,1909f56bfc062723c751e8b465ee728b)
Start importing Assets/Animations/Alien_4/Alien03_Idle_Left.anim using Guid(00d4d0f56fc871b4498486116e110b13) Importer(815301076,1909f56bfc062723c751e8b465ee728b)  -> (artifact id: '912816610b74506408e677b8dcbf3fe4') in 0.002353 seconds 
========================================================================
Received Import Request.
  Time since last request: 3.877972 seconds.
  path: Assets/Animations/Alien_4/Alien04_Idle_Left.anim
  artifactKey: Guid(00d4d0f56fc871b4498486116e110b13) Importer(815301076,1909f56bfc062723c751e8b465ee728b)
Start importing Assets/Animations/Alien_4/Alien04_Idle_Left.anim using Guid(00d4d0f56fc871b4498486116e110b13) Importer(815301076,1909f56bfc062723c751e8b465ee728b)  -> (artifact id: '0a01c12afeead037b991afd2a8c95ec8') in 0.005326 seconds 
========================================================================
Received Import Request.
  Time since last request: 1.362883 seconds.
  path: Assets/Animations/Alien_4/Alien03_Idle_Rigth.anim
  artifactKey: Guid(aa2e4281514047540af0c8e457e40438) Importer(815301076,1909f56bfc062723c751e8b465ee728b)
Start importing Assets/Animations/Alien_4/Alien03_Idle_Rigth.anim using Guid(aa2e4281514047540af0c8e457e40438) Importer(815301076,1909f56bfc062723c751e8b465ee728b)  -> (artifact id: 'ffcf3727aeb9470d807d2db9c9f61fec') in 0.002459 seconds 
========================================================================
Received Import Request.
  Time since last request: 3.735313 seconds.
  path: Assets/Animations/Alien_4/Alien04_Idle_Rigth.anim
  artifactKey: Guid(aa2e4281514047540af0c8e457e40438) Importer(815301076,1909f56bfc062723c751e8b465ee728b)
Start importing Assets/Animations/Alien_4/Alien04_Idle_Rigth.anim using Guid(aa2e4281514047540af0c8e457e40438) Importer(815301076,1909f56bfc062723c751e8b465ee728b)  -> (artifact id: '5093a73333a6d4fadc5e9a205961a080') in 0.005100 seconds 
========================================================================
Received Import Request.
  Time since last request: 1.323462 seconds.
  path: Assets/Animations/Alien_4/Alien03_Idle_Up.anim
  artifactKey: Guid(2f652ee0d242f8c49b28907e4451f723) Importer(815301076,1909f56bfc062723c751e8b465ee728b)
Start importing Assets/Animations/Alien_4/Alien03_Idle_Up.anim using Guid(2f652ee0d242f8c49b28907e4451f723) Importer(815301076,1909f56bfc062723c751e8b465ee728b)  -> (artifact id: '4ea992af9490c028d93e8268236ae37a') in 0.003396 seconds 
========================================================================
Received Import Request.
  Time since last request: 10.866966 seconds.
  path: Assets/Animations/Alien_4/Alien04_Idle_Up.anim
  artifactKey: Guid(2f652ee0d242f8c49b28907e4451f723) Importer(815301076,1909f56bfc062723c751e8b465ee728b)
Start importing Assets/Animations/Alien_4/Alien04_Idle_Up.anim using Guid(2f652ee0d242f8c49b28907e4451f723) Importer(815301076,1909f56bfc062723c751e8b465ee728b)  -> (artifact id: '4c727a440d142295dfb7337f8885f091') in 0.005093 seconds 
========================================================================
Received Import Request.
  Time since last request: 1.361703 seconds.
  path: Assets/Animations/Alien_4/Alien03_Walk_Down.anim
  artifactKey: Guid(a0a8bc8cfc34ecc42a005ef0b6077933) Importer(815301076,1909f56bfc062723c751e8b465ee728b)
Start importing Assets/Animations/Alien_4/Alien03_Walk_Down.anim using Guid(a0a8bc8cfc34ecc42a005ef0b6077933) Importer(815301076,1909f56bfc062723c751e8b465ee728b)  -> (artifact id: 'b3bd145661661c189bcdffda875010ef') in 0.002987 seconds 
========================================================================
Received Import Request.
  Time since last request: 3.030514 seconds.
  path: Assets/Animations/Alien_4/Alien04_Walk_Down.anim
  artifactKey: Guid(a0a8bc8cfc34ecc42a005ef0b6077933) Importer(815301076,1909f56bfc062723c751e8b465ee728b)
Start importing Assets/Animations/Alien_4/Alien04_Walk_Down.anim using Guid(a0a8bc8cfc34ecc42a005ef0b6077933) Importer(815301076,1909f56bfc062723c751e8b465ee728b)  -> (artifact id: 'a664ca0ede352d5aba57489b8f8e999d') in 0.005291 seconds 
========================================================================
Received Import Request.
  Time since last request: 1.234103 seconds.
  path: Assets/Animations/Alien_4/Alien03_Walk_Left.anim
  artifactKey: Guid(7a409354d74fc1748a8020bf05b6620d) Importer(815301076,1909f56bfc062723c751e8b465ee728b)
Start importing Assets/Animations/Alien_4/Alien03_Walk_Left.anim using Guid(7a409354d74fc1748a8020bf05b6620d) Importer(815301076,1909f56bfc062723c751e8b465ee728b)  -> (artifact id: '388abc0ba036fb0abe75c2f73c13cf27') in 0.002681 seconds 
========================================================================
Received Import Request.
  Time since last request: 3.060731 seconds.
  path: Assets/Animations/Alien_4/Alien04_Walk_Left.anim
  artifactKey: Guid(7a409354d74fc1748a8020bf05b6620d) Importer(815301076,1909f56bfc062723c751e8b465ee728b)
Start importing Assets/Animations/Alien_4/Alien04_Walk_Left.anim using Guid(7a409354d74fc1748a8020bf05b6620d) Importer(815301076,1909f56bfc062723c751e8b465ee728b)  -> (artifact id: 'ca462a42866882c4b7de92b1b3130273') in 0.005896 seconds 
========================================================================
Received Import Request.
  Time since last request: 1.048167 seconds.
  path: Assets/Animations/Alien_4/Alien03_Walk_Rigth.anim
  artifactKey: Guid(cad8552cb7f6609469c846110a7bc765) Importer(815301076,1909f56bfc062723c751e8b465ee728b)
Start importing Assets/Animations/Alien_4/Alien03_Walk_Rigth.anim using Guid(cad8552cb7f6609469c846110a7bc765) Importer(815301076,1909f56bfc062723c751e8b465ee728b)  -> (artifact id: 'd7047153a3d340d4c8f0321b08bd6587') in 0.002833 seconds 
========================================================================
Received Import Request.
  Time since last request: 4.710925 seconds.
  path: Assets/Animations/Alien_4/Alien04_Walk_Rigth.anim
  artifactKey: Guid(cad8552cb7f6609469c846110a7bc765) Importer(815301076,1909f56bfc062723c751e8b465ee728b)
Start importing Assets/Animations/Alien_4/Alien04_Walk_Rigth.anim using Guid(cad8552cb7f6609469c846110a7bc765) Importer(815301076,1909f56bfc062723c751e8b465ee728b)  -> (artifact id: '391e2d9055a720915e35ca1eef19c903') in 0.005169 seconds 
========================================================================
Received Import Request.
  Time since last request: 1.192178 seconds.
  path: Assets/Animations/Alien_4/Alien03_Walk_Up.anim
  artifactKey: Guid(c498e3da03ea8bf43bd40dc2dfcecea0) Importer(815301076,1909f56bfc062723c751e8b465ee728b)
Start importing Assets/Animations/Alien_4/Alien03_Walk_Up.anim using Guid(c498e3da03ea8bf43bd40dc2dfcecea0) Importer(815301076,1909f56bfc062723c751e8b465ee728b)  -> (artifact id: '38543f7e7c961ab19eef40d8fc040b0c') in 0.002630 seconds 
========================================================================
Received Import Request.
  Time since last request: 3.766445 seconds.
  path: Assets/Animations/Alien_4/Alien04_Walk_Up.anim
  artifactKey: Guid(c498e3da03ea8bf43bd40dc2dfcecea0) Importer(815301076,1909f56bfc062723c751e8b465ee728b)
Start importing Assets/Animations/Alien_4/Alien04_Walk_Up.anim using Guid(c498e3da03ea8bf43bd40dc2dfcecea0) Importer(815301076,1909f56bfc062723c751e8b465ee728b)  -> (artifact id: 'f95d8088de41db41dea798510764d113') in 0.004998 seconds 
========================================================================
Received Import Request.
  Time since last request: 135.739452 seconds.
  path: Assets/Prefabs/Alien 2.prefab
  artifactKey: Guid(f791db2926da6344fb09b33c249faf72) Importer(815301076,1909f56bfc062723c751e8b465ee728b)
Start importing Assets/Prefabs/Alien 2.prefab using Guid(f791db2926da6344fb09b33c249faf72) Importer(815301076,1909f56bfc062723c751e8b465ee728b)  -> (artifact id: 'a3c13148f3c1ca1115da0f59bacc2681') in 0.165426 seconds 
========================================================================
Received Import Request.
  Time since last request: 4.826681 seconds.
  path: Assets/Prefabs/Alien 3.prefab
  artifactKey: Guid(f62bb8e79ee79b24fb197210b5ade80f) Importer(815301076,1909f56bfc062723c751e8b465ee728b)
Start importing Assets/Prefabs/Alien 3.prefab using Guid(f62bb8e79ee79b24fb197210b5ade80f) Importer(815301076,1909f56bfc062723c751e8b465ee728b)  -> (artifact id: '9bc4590abc0f881e50c0b3dda3a5768d') in 0.014021 seconds 
========================================================================
Received Import Request.
  Time since last request: 6.134124 seconds.
  path: Assets/Prefabs/Alien 4.prefab
  artifactKey: Guid(54f621e4c1556934cb0a09b961051e8e) Importer(815301076,1909f56bfc062723c751e8b465ee728b)
Start importing Assets/Prefabs/Alien 4.prefab using Guid(54f621e4c1556934cb0a09b961051e8e) Importer(815301076,1909f56bfc062723c751e8b465ee728b)  -> (artifact id: '38db9bfc81e8e95cecde8575a789409a') in 0.013634 seconds 
========================================================================
Received Import Request.
  Time since last request: 326.295730 seconds.
  path: Assets/Animations/Alien_4/Alien 4.controller
  artifactKey: Guid(8f41b394847ad9e47ae14431413eee13) Importer(815301076,1909f56bfc062723c751e8b465ee728b)
Start importing Assets/Animations/Alien_4/Alien 4.controller using Guid(8f41b394847ad9e47ae14431413eee13) Importer(815301076,1909f56bfc062723c751e8b465ee728b)  -> (artifact id: '379dc147b3f25b9d3c07760a791753a3') in 0.004063 seconds 
========================================================================
Received Import Request.
  Time since last request: 13.384612 seconds.
  path: Assets/Animations/Alien_4/Alien04_Idle_Up.anim
  artifactKey: Guid(2f652ee0d242f8c49b28907e4451f723) Importer(815301076,1909f56bfc062723c751e8b465ee728b)
Start importing Assets/Animations/Alien_4/Alien04_Idle_Up.anim using Guid(2f652ee0d242f8c49b28907e4451f723) Importer(815301076,1909f56bfc062723c751e8b465ee728b)  -> (artifact id: '7a0062a531728951ec287241f970b75c') in 0.002391 seconds 
========================================================================
Received Import Request.
  Time since last request: 0.748399 seconds.
  path: Assets/Animations/Alien_4/Alien04_Walk_Down.anim
  artifactKey: Guid(a0a8bc8cfc34ecc42a005ef0b6077933) Importer(815301076,1909f56bfc062723c751e8b465ee728b)
Start importing Assets/Animations/Alien_4/Alien04_Walk_Down.anim using Guid(a0a8bc8cfc34ecc42a005ef0b6077933) Importer(815301076,1909f56bfc062723c751e8b465ee728b)  -> (artifact id: '4177669d73a2a9dfe75986b522251260') in 0.002324 seconds 
========================================================================
Received Import Request.
  Time since last request: 0.841707 seconds.
  path: Assets/Animations/Alien_4/Alien04_Idle_Rigth.anim
  artifactKey: Guid(aa2e4281514047540af0c8e457e40438) Importer(815301076,1909f56bfc062723c751e8b465ee728b)
Start importing Assets/Animations/Alien_4/Alien04_Idle_Rigth.anim using Guid(aa2e4281514047540af0c8e457e40438) Importer(815301076,1909f56bfc062723c751e8b465ee728b)  -> (artifact id: 'edce0e665e3178896adafef97796fc0a') in 0.002318 seconds 
========================================================================
Received Import Request.
  Time since last request: 0.669135 seconds.
  path: Assets/Animations/Alien_4/Alien04_Idle_Left.anim
  artifactKey: Guid(00d4d0f56fc871b4498486116e110b13) Importer(815301076,1909f56bfc062723c751e8b465ee728b)
Start importing Assets/Animations/Alien_4/Alien04_Idle_Left.anim using Guid(00d4d0f56fc871b4498486116e110b13) Importer(815301076,1909f56bfc062723c751e8b465ee728b)  -> (artifact id: '88c75a1e4116ee18500010c86ae2fe21') in 0.002324 seconds 
========================================================================
Received Import Request.
  Time since last request: 9.283554 seconds.
  path: Assets/Animations/Alien_4/alien04_0 1.controller
  artifactKey: Guid(19ffbe5cdc9f0df4eb4dd7481d11b419) Importer(815301076,1909f56bfc062723c751e8b465ee728b)
Start importing Assets/Animations/Alien_4/alien04_0 1.controller using Guid(19ffbe5cdc9f0df4eb4dd7481d11b419) Importer(815301076,1909f56bfc062723c751e8b465ee728b)  -> (artifact id: '5334ea067a872a46b35af304ec07956b') in 0.005920 seconds 
========================================================================
Received Import Request.
  Time since last request: 1.531696 seconds.
  path: Assets/Animations/Alien_4/alien04_12 1.controller
  artifactKey: Guid(f29ccb304612be14b9f6f5163344b682) Importer(815301076,1909f56bfc062723c751e8b465ee728b)
Start importing Assets/Animations/Alien_4/alien04_12 1.controller using Guid(f29ccb304612be14b9f6f5163344b682) Importer(815301076,1909f56bfc062723c751e8b465ee728b)  -> (artifact id: 'cddff8f41662e6742d13c42e0dff2188') in 0.005806 seconds 
